0 info it worked if it ends with ok
1 verbose cli [ '/Users/binh/.nvm/v0.10.33/bin/node',
1 verbose cli   '/Users/binh/.nvm/v0.10.33/bin/npm',
1 verbose cli   'test',
1 verbose cli   '-g',
1 verbose cli   'module' ]
2 info using npm@1.4.28
3 info using node@v0.10.33
4 error Error: ENOENT, open '/Users/binh/.nvm/v0.10.33/lib/node_modules/module/package.json'
5 error If you need help, you may report this *entire* log,
5 error including the npm and node versions, at:
5 error     <http://github.com/npm/npm/issues>
6 error System Darwin 14.0.0
7 error command "/Users/binh/.nvm/v0.10.33/bin/node" "/Users/binh/.nvm/v0.10.33/bin/npm" "test" "-g" "module"
8 error cwd /Users/binh/contributions/generator-ng-poly
9 error node -v v0.10.33
10 error npm -v 1.4.28
11 error path /Users/binh/.nvm/v0.10.33/lib/node_modules/module/package.json
12 error code ENOENT
13 error errno 34
14 verbose exit [ 34, true ]
